<?xml version="1.0" encoding="UTF-8"?>
<!-- Generated by org.testng.reporters.JUnitReportReporter -->
<testsuite hostname="DESKTOP-I4NGL23" failures="0" tests="1" name="test.LoginTest" time="8.885" errors="0" timestamp="31 Dec 2020 06:40:56 GMT" skipped="0">
  <testcase classname="test.LoginTest" name="validUserShouldBeAbleToLogin" time="8.885"/>
</testsuite> <!-- test.LoginTest -->
